# JRE version: OpenJDK Runtime Environment Temurin-21.0.7+6 (21.0.7+6) (build 21.0.7+6-LTS)
# Java VM: OpenJDK 64-Bit Server VM Temurin-21.0.7+6 (21.0.7+6-LTS, mixed mode, sharing, tiered, compressed oops, compressed class ptrs, parallel gc, windows-amd64)
GC Precious Log:
 CardTable entry size: 512
 CPUs: 4 total, 4 available
 Memory: 16263M
 Large Page Support: Disabled
 NUMA Support: Disabled
 Compressed Oops: Enabled (32-bit)
 Alignments: Space 512K, Generation 512K, Heap 2M
 Heap Min Capacity: 100M
 Heap Initial Capacity: 100M
 Heap Max Capacity: 1G
 Pre-touch: Disabled
 Parallel Workers: 4
Heap:
 PSYoungGen      total 11776K, used 10627K [0x00000000eab00000, 0x00000000eba80000, 0x0000000100000000)
  eden space 10752K, 89% used [0x00000000eab00000,0x00000000eb460d90,0x00000000eb580000)
  from space 1024K, 100% used [0x00000000eb580000,0x00000000eb680000,0x00000000eb680000)
  to   space 2560K, 0% used [0x00000000eb800000,0x00000000eb800000,0x00000000eba80000)
 ParOldGen       total 72704K, used 72234K [0x00000000c0000000, 0x00000000c4700000, 0x00000000eab00000)
  object space 72704K, 99% used [0x00000000c0000000,0x00000000c468aae0,0x00000000c4700000)
 Metaspace       used 60409K, committed 61760K, reserved 1114112K
  class space    used 6318K, committed 6912K, reserved 1048576K
GC Heap History (20 events):
Event: 82.576 GC heap before
{Heap before GC invocations=41 (full 3):
 PSYoungGen      total 11776K, used 10752K [0x00000000eab00000, 0x00000000ebc00000, 0x0000000100000000)
  eden space 10752K, 100% used [0x00000000eab00000,0x00000000eb580000,0x00000000eb580000)
  from space 1024K, 0% used [0x00000000eba00000,0x00000000eba00000,0x00000000ebb00000)
  to   space 1024K, 0% used [0x00000000ebb00000,0x00000000ebb00000,0x00000000ebc00000)
 ParOldGen       total 68608K, used 58346K [0x00000000c0000000, 0x00000000c4300000, 0x00000000eab00000)
  object space 68608K, 85% used [0x00000000c0000000,0x00000000c38faa10,0x00000000c4300000)
 Metaspace       used 58674K, committed 59968K, reserved 1114112K
  class space    used 6205K, committed 6784K, reserved 1048576K
}
Event: 82.579 GC heap after
{Heap after GC invocations=41 (full 3):
 PSYoungGen      total 11776K, used 1003K [0x00000000eab00000, 0x00000000ebc80000, 0x0000000100000000)
  eden space 10752K, 0% used [0x00000000eab00000,0x00000000eab00000,0x00000000eb580000)
  from space 1024K, 98% used [0x00000000ebb00000,0x00000000ebbfaec0,0x00000000ebc00000)
  to   space 3584K, 0% used [0x00000000eb580000,0x00000000eb580000,0x00000000eb900000)
 ParOldGen       total 68608K, used 60325K [0x00000000c0000000, 0x00000000c4300000, 0x00000000eab00000)
  object space 68608K, 87% used [0x00000000c0000000,0x00000000c3ae9520,0x00000000c4300000)
 Metaspace       used 58674K, committed 59968K, reserved 1114112K
  class space    used 6205K, committed 6784K, reserved 1048576K
}
Event: 82.734 GC heap before
{Heap before GC invocations=42 (full 3):
 PSYoungGen      total 11776K, used 11755K [0x00000000eab00000, 0x00000000ebc80000, 0x0000000100000000)
  eden space 10752K, 100% used [0x00000000eab00000,0x00000000eb580000,0x00000000eb580000)
  from space 1024K, 98% used [0x00000000ebb00000,0x00000000ebbfaec0,0x00000000ebc00000)
  to   space 3584K, 0% used [0x00000000eb580000,0x00000000eb580000,0x00000000eb900000)
 ParOldGen       total 68608K, used 60325K [0x00000000c0000000, 0x00000000c4300000, 0x00000000eab00000)
  object space 68608K, 87% used [0x00000000c0000000,0x00000000c3ae9520,0x00000000c4300000)
 Metaspace       used 58810K, committed 60032K, reserved 1114112K
  class space    used 6219K, committed 6784K, reserved 1048576K
}
Event: 82.736 GC heap after
{Heap after GC invocations=42 (full 3):
 PSYoungGen      total 14336K, used 3158K [0x00000000eab00000, 0x00000000ebc80000, 0x0000000100000000)
  eden space 10752K, 0% used [0x00000000eab00000,0x00000000eab00000,0x00000000eb580000)
  from space 3584K, 88% used [0x00000000eb580000,0x00000000eb895aa8,0x00000000eb900000)
  to   space 3584K, 0% used [0x00000000eb900000,0x00000000eb900000,0x00000000ebc80000)
 ParOldGen       total 68608K, used 61309K [0x00000000c0000000, 0x00000000c4300000, 0x00000000eab00000)
  object space 68608K, 89% used [0x00000000c0000000,0x00000000c3bdf480,0x00000000c4300000)
 Metaspace       used 58810K, committed 60032K, reserved 1114112K
  class space    used 6219K, committed 6784K, reserved 1048576K
}
Event: 83.138 GC heap before
{Heap before GC invocations=43 (full 3):
 PSYoungGen      total 14336K, used 13891K [0x00000000eab00000, 0x00000000ebc80000, 0x0000000100000000)
  eden space 10752K, 99% used [0x00000000eab00000,0x00000000eb57b408,0x00000000eb580000)
  from space 3584K, 88% used [0x00000000eb580000,0x00000000eb895aa8,0x00000000eb900000)
  to   space 3584K, 0% used [0x00000000eb900000,0x00000000eb900000,0x00000000ebc80000)
 ParOldGen       total 68608K, used 61309K [0x00000000c0000000, 0x00000000c4300000, 0x00000000eab00000)
  object space 68608K, 89% used [0x00000000c0000000,0x00000000c3bdf480,0x00000000c4300000)
 Metaspace       used 59519K, committed 60736K, reserved 1114112K
  class space    used 6269K, committed 6848K, reserved 1048576K
}
Event: 83.143 GC heap after
{Heap after GC invocations=43 (full 3):
 PSYoungGen      total 12800K, used 1984K [0x00000000eab00000, 0x00000000ebb00000, 0x0000000100000000)
  eden space 10752K, 0% used [0x00000000eab00000,0x00000000eab00000,0x00000000eb580000)
  from space 2048K, 96% used [0x00000000eb900000,0x00000000ebaf0010,0x00000000ebb00000)
  to   space 2560K, 0% used [0x00000000eb600000,0x00000000eb600000,0x00000000eb880000)
 ParOldGen       total 68608K, used 64336K [0x00000000c0000000, 0x00000000c4300000, 0x00000000eab00000)
  object space 68608K, 93% used [0x00000000c0000000,0x00000000c3ed43f0,0x00000000c4300000)
 Metaspace       used 59519K, committed 60736K, reserved 1114112K
  class space    used 6269K, committed 6848K, reserved 1048576K
}
Event: 83.709 GC heap before
{Heap before GC invocations=44 (full 3):
 PSYoungGen      total 12800K, used 12736K [0x00000000eab00000, 0x00000000ebb00000, 0x0000000100000000)
  eden space 10752K, 100% used [0x00000000eab00000,0x00000000eb580000,0x00000000eb580000)
  from space 2048K, 96% used [0x00000000eb900000,0x00000000ebaf0010,0x00000000ebb00000)
  to   space 2560K, 0% used [0x00000000eb600000,0x00000000eb600000,0x00000000eb880000)
 ParOldGen       total 68608K, used 64336K [0x00000000c0000000, 0x00000000c4300000, 0x00000000eab00000)
  object space 68608K, 93% used [0x00000000c0000000,0x00000000c3ed43f0,0x00000000c4300000)
 Metaspace       used 59986K, committed 61248K, reserved 1114112K
  class space    used 6302K, committed 6912K, reserved 1048576K
}
Event: 83.713 GC heap after
{Heap after GC invocations=44 (full 3):
 PSYoungGen      total 11776K, used 904K [0x00000000eab00000, 0x00000000eb980000, 0x0000000100000000)
  eden space 10752K, 0% used [0x00000000eab00000,0x00000000eab00000,0x00000000eb580000)
  from space 1024K, 88% used [0x00000000eb600000,0x00000000eb6e2048,0x00000000eb700000)
  to   space 1536K, 0% used [0x00000000eb800000,0x00000000eb800000,0x00000000eb980000)
 ParOldGen       total 68608K, used 66277K [0x00000000c0000000, 0x00000000c4300000, 0x00000000eab00000)
  object space 68608K, 96% used [0x00000000c0000000,0x00000000c40b9520,0x00000000c4300000)
 Metaspace       used 59986K, committed 61248K, reserved 1114112K
  class space    used 6302K, committed 6912K, reserved 1048576K
}
Event: 83.929 GC heap before
{Heap before GC invocations=45 (full 3):
 PSYoungGen      total 11776K, used 11656K [0x00000000eab00000, 0x00000000eb980000, 0x0000000100000000)
  eden space 10752K, 100% used [0x00000000eab00000,0x00000000eb580000,0x00000000eb580000)
  from space 1024K, 88% used [0x00000000eb600000,0x00000000eb6e2048,0x00000000eb700000)
  to   space 1536K, 0% used [0x00000000eb800000,0x00000000eb800000,0x00000000eb980000)
 ParOldGen       total 68608K, used 66277K [0x00000000c0000000, 0x00000000c4300000, 0x00000000eab00000)
  object space 68608K, 96% used [0x00000000c0000000,0x00000000c40b9520,0x00000000c4300000)
 Metaspace       used 60118K, committed 61440K, reserved 1114112K
  class space    used 6308K, committed 6912K, reserved 1048576K
}
Event: 83.932 GC heap after
{Heap after GC invocations=45 (full 3):
 PSYoungGen      total 12288K, used 1357K [0x00000000eab00000, 0x00000000eb980000, 0x0000000100000000)
  eden space 10752K, 0% used [0x00000000eab00000,0x00000000eab00000,0x00000000eb580000)
  from space 1536K, 88% used [0x00000000eb800000,0x00000000eb953498,0x00000000eb980000)
  to   space 1536K, 0% used [0x00000000eb680000,0x00000000eb680000,0x00000000eb800000)
 ParOldGen       total 68608K, used 67136K [0x00000000c0000000, 0x00000000c4300000, 0x00000000eab00000)
  object space 68608K, 97% used [0x00000000c0000000,0x00000000c4190378,0x00000000c4300000)
 Metaspace       used 60118K, committed 61440K, reserved 1114112K
  class space    used 6308K, committed 6912K, reserved 1048576K
}
Event: 84.736 GC heap before
{Heap before GC invocations=46 (full 3):
 PSYoungGen      total 12288K, used 12109K [0x00000000eab00000, 0x00000000eb980000, 0x0000000100000000)
  eden space 10752K, 100% used [0x00000000eab00000,0x00000000eb580000,0x00000000eb580000)
  from space 1536K, 88% used [0x00000000eb800000,0x00000000eb953498,0x00000000eb980000)
  to   space 1536K, 0% used [0x00000000eb680000,0x00000000eb680000,0x00000000eb800000)
 ParOldGen       total 68608K, used 67136K [0x00000000c0000000, 0x00000000c4300000, 0x00000000eab00000)
  object space 68608K, 97% used [0x00000000c0000000,0x00000000c4190378,0x00000000c4300000)
 Metaspace       used 60204K, committed 61504K, reserved 1114112K
  class space    used 6309K, committed 6912K, reserved 1048576K
}
Event: 84.740 GC heap after
{Heap after GC invocations=46 (full 3):
 PSYoungGen      total 12288K, used 1148K [0x00000000eab00000, 0x00000000eb880000, 0x0000000100000000)
  eden space 10752K, 0% used [0x00000000eab00000,0x00000000eab00000,0x00000000eb580000)
  from space 1536K, 74% used [0x00000000eb680000,0x00000000eb79f350,0x00000000eb800000)
  to   space 512K, 0% used [0x00000000eb800000,0x00000000eb800000,0x00000000eb880000)
 ParOldGen       total 68608K, used 68585K [0x00000000c0000000, 0x00000000c4300000, 0x00000000eab00000)
  object space 68608K, 99% used [0x00000000c0000000,0x00000000c42fa4d8,0x00000000c4300000)
 Metaspace       used 60204K, committed 61504K, reserved 1114112K
  class space    used 6309K, committed 6912K, reserved 1048576K
}
Event: 84.934 GC heap before
{Heap before GC invocations=47 (full 3):
 PSYoungGen      total 12288K, used 11898K [0x00000000eab00000, 0x00000000eb880000, 0x0000000100000000)
  eden space 10752K, 99% used [0x00000000eab00000,0x00000000eb57f810,0x00000000eb580000)
  from space 1536K, 74% used [0x00000000eb680000,0x00000000eb79f350,0x00000000eb800000)
  to   space 512K, 0% used [0x00000000eb800000,0x00000000eb800000,0x00000000eb880000)
 ParOldGen       total 68608K, used 68585K [0x00000000c0000000, 0x00000000c4300000, 0x00000000eab00000)
  object space 68608K, 99% used [0x00000000c0000000,0x00000000c42fa4d8,0x00000000c4300000)
 Metaspace       used 60261K, committed 61568K, reserved 1114112K
  class space    used 6312K, committed 6912K, reserved 1048576K
}
Event: 84.939 GC heap after
{Heap after GC invocations=47 (full 3):
 PSYoungGen      total 11264K, used 497K [0x00000000eab00000, 0x00000000eb980000, 0x0000000100000000)
  eden space 10752K, 0% used [0x00000000eab00000,0x00000000eab00000,0x00000000eb580000)
  from space 512K, 97% used [0x00000000eb800000,0x00000000eb87c740,0x00000000eb880000)
  to   space 2048K, 0% used [0x00000000eb580000,0x00000000eb580000,0x00000000eb780000)
 ParOldGen       total 70144K, used 69916K [0x00000000c0000000, 0x00000000c4480000, 0x00000000eab00000)
  object space 70144K, 99% used [0x00000000c0000000,0x00000000c4447210,0x00000000c4480000)
 Metaspace       used 60261K, committed 61568K, reserved 1114112K
  class space    used 6312K, committed 6912K, reserved 1048576K
}
Event: 85.192 GC heap before
{Heap before GC invocations=48 (full 3):
 PSYoungGen      total 11264K, used 11249K [0x00000000eab00000, 0x00000000eb980000, 0x0000000100000000)
  eden space 10752K, 100% used [0x00000000eab00000,0x00000000eb580000,0x00000000eb580000)
  from space 512K, 97% used [0x00000000eb800000,0x00000000eb87c740,0x00000000eb880000)
  to   space 2048K, 0% used [0x00000000eb580000,0x00000000eb580000,0x00000000eb780000)
 ParOldGen       total 70144K, used 69916K [0x00000000c0000000, 0x00000000c4480000, 0x00000000eab00000)
  object space 70144K, 99% used [0x00000000c0000000,0x00000000c4447210,0x00000000c4480000)
 Metaspace       used 60287K, committed 61568K, reserved 1114112K
  class space    used 6313K, committed 6912K, reserved 1048576K
}
Event: 85.196 GC heap after
{Heap after GC invocations=48 (full 3):
 PSYoungGen      total 11776K, used 1004K [0x00000000eab00000, 0x00000000eb880000, 0x0000000100000000)
  eden space 10752K, 0% used [0x00000000eab00000,0x00000000eab00000,0x00000000eb580000)
  from space 1024K, 98% used [0x00000000eb580000,0x00000000eb67b380,0x00000000eb680000)
  to   space 1536K, 0% used [0x00000000eb700000,0x00000000eb700000,0x00000000eb880000)
 ParOldGen       total 70656K, used 70420K [0x00000000c0000000, 0x00000000c4500000, 0x00000000eab00000)
  object space 70656K, 99% used [0x00000000c0000000,0x00000000c44c5380,0x00000000c4500000)
 Metaspace       used 60287K, committed 61568K, reserved 1114112K
  class space    used 6313K, committed 6912K, reserved 1048576K
}
Event: 85.495 GC heap before
{Heap before GC invocations=49 (full 3):
 PSYoungGen      total 11776K, used 11756K [0x00000000eab00000, 0x00000000eb880000, 0x0000000100000000)
  eden space 10752K, 100% used [0x00000000eab00000,0x00000000eb580000,0x00000000eb580000)
  from space 1024K, 98% used [0x00000000eb580000,0x00000000eb67b380,0x00000000eb680000)
  to   space 1536K, 0% used [0x00000000eb700000,0x00000000eb700000,0x00000000eb880000)
 ParOldGen       total 70656K, used 70420K [0x00000000c0000000, 0x00000000c4500000, 0x00000000eab00000)
  object space 70656K, 99% used [0x00000000c0000000,0x00000000c44c5380,0x00000000c4500000)
 Metaspace       used 60343K, committed 61632K, reserved 1114112K
  class space    used 6316K, committed 6912K, reserved 1048576K
}
Event: 85.504 GC heap after
{Heap after GC invocations=49 (full 3):
 PSYoungGen      total 11776K, used 864K [0x00000000eab00000, 0x00000000eb800000, 0x0000000100000000)
  eden space 10752K, 0% used [0x00000000eab00000,0x00000000eab00000,0x00000000eb580000)
  from space 1024K, 84% used [0x00000000eb700000,0x00000000eb7d8040,0x00000000eb800000)
  to   space 1024K, 0% used [0x00000000eb580000,0x00000000eb580000,0x00000000eb680000)
 ParOldGen       total 71680K, used 71356K [0x00000000c0000000, 0x00000000c4600000, 0x00000000eab00000)
  object space 71680K, 99% used [0x00000000c0000000,0x00000000c45af378,0x00000000c4600000)
 Metaspace       used 60343K, committed 61632K, reserved 1114112K
  class space    used 6316K, committed 6912K, reserved 1048576K
}
Event: 85.829 GC heap before
{Heap before GC invocations=50 (full 3):
 PSYoungGen      total 11776K, used 11616K [0x00000000eab00000, 0x00000000eb800000, 0x0000000100000000)
  eden space 10752K, 100% used [0x00000000eab00000,0x00000000eb580000,0x00000000eb580000)
  from space 1024K, 84% used [0x00000000eb700000,0x00000000eb7d8040,0x00000000eb800000)
  to   space 1024K, 0% used [0x00000000eb580000,0x00000000eb580000,0x00000000eb680000)
 ParOldGen       total 71680K, used 71356K [0x00000000c0000000, 0x00000000c4600000, 0x00000000eab00000)
  object space 71680K, 99% used [0x00000000c0000000,0x00000000c45af378,0x00000000c4600000)
 Metaspace       used 60369K, committed 61632K, reserved 1114112K
  class space    used 6317K, committed 6912K, reserved 1048576K
}
Event: 85.833 GC heap after
{Heap after GC invocations=50 (full 3):
 PSYoungGen      total 11776K, used 1024K [0x00000000eab00000, 0x00000000eba80000, 0x0000000100000000)
  eden space 10752K, 0% used [0x00000000eab00000,0x00000000eab00000,0x00000000eb580000)
  from space 1024K, 100% used [0x00000000eb580000,0x00000000eb680000,0x00000000eb680000)
  to   space 2560K, 0% used [0x00000000eb800000,0x00000000eb800000,0x00000000eba80000)
 ParOldGen       total 72704K, used 72234K [0x00000000c0000000, 0x00000000c4700000, 0x00000000eab00000)
  object space 72704K, 99% used [0x00000000c0000000,0x00000000c468aae0,0x00000000c4700000)
 Metaspace       used 60369K, committed 61632K, reserved 1114112K
  class space    used 6317K, committed 6912K, reserved 1048576K
}

