# JRE version: OpenJDK Runtime Environment Temurin-17.0.12+7 (17.0.12+7) (build 17.0.12+7)
# Java VM: OpenJDK 64-Bit Server VM Temurin-17.0.12+7 (17.0.12+7, mixed mode, emulated-client, tiered, compressed oops, compressed class ptrs, g1 gc, windows-amd64)
GC Precious Log:
 CPUs: 4 total, 4 available
 Memory: 16227M
 Large Page Support: Disabled
 NUMA Support: Disabled
 Compressed Oops: Enabled (32-bit)
 Heap Region Size: 1M
 Heap Min Capacity: 8M
 Heap Initial Capacity: 254M
 Heap Max Capacity: 1G
 Pre-touch: Disabled
 Parallel Workers: 4
 Concurrent Workers: 1
 Concurrent Refinement Workers: 4
 Periodic GC: Disabled
Heap:
 garbage-first heap   total 78848K, used 26335K [0x00000000c0000000, 0x0000000100000000)
  region size 1024K, 1 young (1024K), 0 survivors (0K)
 Metaspace       used 41409K, committed 41920K, reserved 1114112K
  class space    used 5329K, committed 5568K, reserved 1048576K
GC Heap History (20 events):
Event: 144838.296 GC heap after
{Heap after GC invocations=6955 (full 6926):
 garbage-first heap   total 78848K, used 26335K [0x00000000c0000000, 0x0000000100000000)
  region size 1024K, 0 young (0K), 0 survivors (0K)
 Metaspace       used 41409K, committed 41920K, reserved 1114112K
  class space    used 5329K, committed 5568K, reserved 1048576K
}
Event: 144848.936 GC heap before
{Heap before GC invocations=6955 (full 6926):
 garbage-first heap   total 78848K, used 26335K [0x00000000c0000000, 0x0000000100000000)
  region size 1024K, 1 young (1024K), 0 survivors (0K)
 Metaspace       used 41409K, committed 41920K, reserved 1114112K
  class space    used 5329K, committed 5568K, reserved 1048576K
}
Event: 144848.981 GC heap after
{Heap after GC invocations=6956 (full 6927):
 garbage-first heap   total 78848K, used 26335K [0x00000000c0000000, 0x0000000100000000)
  region size 1024K, 0 young (0K), 0 survivors (0K)
 Metaspace       used 41409K, committed 41920K, reserved 1114112K
  class space    used 5329K, committed 5568K, reserved 1048576K
}
Event: 144859.582 GC heap before
{Heap before GC invocations=6956 (full 6927):
 garbage-first heap   total 78848K, used 26335K [0x00000000c0000000, 0x0000000100000000)
  region size 1024K, 1 young (1024K), 0 survivors (0K)
 Metaspace       used 41409K, committed 41920K, reserved 1114112K
  class space    used 5329K, committed 5568K, reserved 1048576K
}
Event: 144859.632 GC heap after
{Heap after GC invocations=6957 (full 6928):
 garbage-first heap   total 78848K, used 26335K [0x00000000c0000000, 0x0000000100000000)
  region size 1024K, 0 young (0K), 0 survivors (0K)
 Metaspace       used 41409K, committed 41920K, reserved 1114112K
  class space    used 5329K, committed 5568K, reserved 1048576K
}
Event: 144870.281 GC heap before
{Heap before GC invocations=6957 (full 6928):
 garbage-first heap   total 78848K, used 26335K [0x00000000c0000000, 0x0000000100000000)
  region size 1024K, 1 young (1024K), 0 survivors (0K)
 Metaspace       used 41409K, committed 41920K, reserved 1114112K
  class space    used 5329K, committed 5568K, reserved 1048576K
}
Event: 144870.331 GC heap after
{Heap after GC invocations=6958 (full 6929):
 garbage-first heap   total 78848K, used 26335K [0x00000000c0000000, 0x0000000100000000)
  region size 1024K, 0 young (0K), 0 survivors (0K)
 Metaspace       used 41409K, committed 41920K, reserved 1114112K
  class space    used 5329K, committed 5568K, reserved 1048576K
}
Event: 144881.332 GC heap before
{Heap before GC invocations=6958 (full 6929):
 garbage-first heap   total 78848K, used 26335K [0x00000000c0000000, 0x0000000100000000)
  region size 1024K, 1 young (1024K), 0 survivors (0K)
 Metaspace       used 41409K, committed 41920K, reserved 1114112K
  class space    used 5329K, committed 5568K, reserved 1048576K
}
Event: 144881.396 GC heap after
{Heap after GC invocations=6959 (full 6930):
 garbage-first heap   total 78848K, used 26335K [0x00000000c0000000, 0x0000000100000000)
  region size 1024K, 0 young (0K), 0 survivors (0K)
 Metaspace       used 41409K, committed 41920K, reserved 1114112K
  class space    used 5329K, committed 5568K, reserved 1048576K
}
Event: 144893.133 GC heap before
{Heap before GC invocations=6959 (full 6930):
 garbage-first heap   total 78848K, used 26335K [0x00000000c0000000, 0x0000000100000000)
  region size 1024K, 1 young (1024K), 0 survivors (0K)
 Metaspace       used 41409K, committed 41920K, reserved 1114112K
  class space    used 5329K, committed 5568K, reserved 1048576K
}
Event: 144893.195 GC heap after
{Heap after GC invocations=6960 (full 6931):
 garbage-first heap   total 78848K, used 26335K [0x00000000c0000000, 0x0000000100000000)
  region size 1024K, 0 young (0K), 0 survivors (0K)
 Metaspace       used 41409K, committed 41920K, reserved 1114112K
  class space    used 5329K, committed 5568K, reserved 1048576K
}
Event: 144904.758 GC heap before
{Heap before GC invocations=6960 (full 6931):
 garbage-first heap   total 78848K, used 26335K [0x00000000c0000000, 0x0000000100000000)
  region size 1024K, 1 young (1024K), 0 survivors (0K)
 Metaspace       used 41409K, committed 41920K, reserved 1114112K
  class space    used 5329K, committed 5568K, reserved 1048576K
}
Event: 144904.809 GC heap after
{Heap after GC invocations=6961 (full 6932):
 garbage-first heap   total 78848K, used 26335K [0x00000000c0000000, 0x0000000100000000)
  region size 1024K, 0 young (0K), 0 survivors (0K)
 Metaspace       used 41409K, committed 41920K, reserved 1114112K
  class space    used 5329K, committed 5568K, reserved 1048576K
}
Event: 144915.461 GC heap before
{Heap before GC invocations=6961 (full 6932):
 garbage-first heap   total 78848K, used 26335K [0x00000000c0000000, 0x0000000100000000)
  region size 1024K, 1 young (1024K), 0 survivors (0K)
 Metaspace       used 41409K, committed 41920K, reserved 1114112K
  class space    used 5329K, committed 5568K, reserved 1048576K
}
Event: 144915.519 GC heap after
{Heap after GC invocations=6962 (full 6933):
 garbage-first heap   total 78848K, used 26335K [0x00000000c0000000, 0x0000000100000000)
  region size 1024K, 0 young (0K), 0 survivors (0K)
 Metaspace       used 41409K, committed 41920K, reserved 1114112K
  class space    used 5329K, committed 5568K, reserved 1048576K
}
Event: 144926.782 GC heap before
{Heap before GC invocations=6962 (full 6933):
 garbage-first heap   total 78848K, used 26335K [0x00000000c0000000, 0x0000000100000000)
  region size 1024K, 1 young (1024K), 0 survivors (0K)
 Metaspace       used 41409K, committed 41920K, reserved 1114112K
  class space    used 5329K, committed 5568K, reserved 1048576K
}
Event: 144926.828 GC heap after
{Heap after GC invocations=6963 (full 6934):
 garbage-first heap   total 78848K, used 26335K [0x00000000c0000000, 0x0000000100000000)
  region size 1024K, 0 young (0K), 0 survivors (0K)
 Metaspace       used 41409K, committed 41920K, reserved 1114112K
  class space    used 5329K, committed 5568K, reserved 1048576K
}
Event: 144938.044 GC heap before
{Heap before GC invocations=6963 (full 6934):
 garbage-first heap   total 78848K, used 26335K [0x00000000c0000000, 0x0000000100000000)
  region size 1024K, 1 young (1024K), 0 survivors (0K)
 Metaspace       used 41409K, committed 41920K, reserved 1114112K
  class space    used 5329K, committed 5568K, reserved 1048576K
}
Event: 144938.099 GC heap after
{Heap after GC invocations=6964 (full 6935):
 garbage-first heap   total 78848K, used 26335K [0x00000000c0000000, 0x0000000100000000)
  region size 1024K, 0 young (0K), 0 survivors (0K)
 Metaspace       used 41409K, committed 41920K, reserved 1114112K
  class space    used 5329K, committed 5568K, reserved 1048576K
}
Event: 144949.523 GC heap before
{Heap before GC invocations=6964 (full 6935):
 garbage-first heap   total 78848K, used 26335K [0x00000000c0000000, 0x0000000100000000)
  region size 1024K, 1 young (1024K), 0 survivors (0K)
 Metaspace       used 41409K, committed 41920K, reserved 1114112K
  class space    used 5329K, committed 5568K, reserved 1048576K
}

