# JRE version: OpenJDK Runtime Environment Temurin-21.0.7+6 (21.0.7+6) (build 21.0.7+6-LTS)
# Java VM: OpenJDK 64-Bit Server VM Temurin-21.0.7+6 (21.0.7+6-LTS, mixed mode, sharing, tiered, compressed oops, compressed class ptrs, parallel gc, windows-amd64)
GC Precious Log:
 CardTable entry size: 512
 CPUs: 4 total, 4 available
 Memory: 16263M
 Large Page Support: Disabled
 NUMA Support: Disabled
 Compressed Oops: Enabled (32-bit)
 Alignments: Space 512K, Generation 512K, Heap 2M
 Heap Min Capacity: 100M
 Heap Initial Capacity: 100M
 Heap Max Capacity: 1G
 Pre-touch: Disabled
 Parallel Workers: 4
Heap:
 PSYoungGen      total 10752K, used 1945K [0x00000000eab00000, 0x00000000eb800000, 0x0000000100000000)
  eden space 9216K, 7% used [0x00000000eab00000,0x00000000eabb7ff0,0x00000000eb400000)
  from space 1536K, 78% used [0x00000000eb680000,0x00000000eb7ae458,0x00000000eb800000)
  to   space 1536K, 0% used [0x00000000eb500000,0x00000000eb500000,0x00000000eb680000)
 ParOldGen       total 124416K, used 124041K [0x00000000c0000000, 0x00000000c7980000, 0x00000000eab00000)
  object space 124416K, 99% used [0x00000000c0000000,0x00000000c79226e8,0x00000000c7980000)
 Metaspace       used 46633K, committed 47808K, reserved 1114112K
  class space    used 4280K, committed 4800K, reserved 1048576K
GC Heap History (20 events):
Event: 68.363 GC heap before
{Heap before GC invocations=89 (full 2):
 PSYoungGen      total 11264K, used 11232K [0x00000000eab00000, 0x00000000ebf80000, 0x0000000100000000)
  eden space 9216K, 100% used [0x00000000eab00000,0x00000000eb400000,0x00000000eb400000)
  from space 2048K, 98% used [0x00000000eb880000,0x00000000eba78020,0x00000000eba80000)
  to   space 4608K, 0% used [0x00000000eb400000,0x00000000eb400000,0x00000000eb880000)
 ParOldGen       total 115712K, used 115284K [0x00000000c0000000, 0x00000000c7100000, 0x00000000eab00000)
  object space 115712K, 99% used [0x00000000c0000000,0x00000000c7095318,0x00000000c7100000)
 Metaspace       used 46535K, committed 47680K, reserved 1114112K
  class space    used 4280K, committed 4800K, reserved 1048576K
}
Event: 68.370 GC heap after
{Heap after GC invocations=89 (full 2):
 PSYoungGen      total 10240K, used 832K [0x00000000eab00000, 0x00000000eb900000, 0x0000000100000000)
  eden space 9216K, 0% used [0x00000000eab00000,0x00000000eab00000,0x00000000eb400000)
  from space 1024K, 81% used [0x00000000eb400000,0x00000000eb4d0020,0x00000000eb500000)
  to   space 2048K, 0% used [0x00000000eb700000,0x00000000eb700000,0x00000000eb900000)
 ParOldGen       total 117760K, used 117269K [0x00000000c0000000, 0x00000000c7300000, 0x00000000eab00000)
  object space 117760K, 99% used [0x00000000c0000000,0x00000000c7285668,0x00000000c7300000)
 Metaspace       used 46535K, committed 47680K, reserved 1114112K
  class space    used 4280K, committed 4800K, reserved 1048576K
}
Event: 68.544 GC heap before
{Heap before GC invocations=90 (full 2):
 PSYoungGen      total 10240K, used 10048K [0x00000000eab00000, 0x00000000eb900000, 0x0000000100000000)
  eden space 9216K, 100% used [0x00000000eab00000,0x00000000eb400000,0x00000000eb400000)
  from space 1024K, 81% used [0x00000000eb400000,0x00000000eb4d0020,0x00000000eb500000)
  to   space 2048K, 0% used [0x00000000eb700000,0x00000000eb700000,0x00000000eb900000)
 ParOldGen       total 117760K, used 117269K [0x00000000c0000000, 0x00000000c7300000, 0x00000000eab00000)
  object space 117760K, 99% used [0x00000000c0000000,0x00000000c7285668,0x00000000c7300000)
 Metaspace       used 46546K, committed 47680K, reserved 1114112K
  class space    used 4280K, committed 4800K, reserved 1048576K
}
Event: 68.549 GC heap after
{Heap after GC invocations=90 (full 2):
 PSYoungGen      total 10240K, used 880K [0x00000000eab00000, 0x00000000eb800000, 0x0000000100000000)
  eden space 9216K, 0% used [0x00000000eab00000,0x00000000eab00000,0x00000000eb400000)
  from space 1024K, 85% used [0x00000000eb700000,0x00000000eb7dc030,0x00000000eb800000)
  to   space 1536K, 0% used [0x00000000eb500000,0x00000000eb500000,0x00000000eb680000)
 ParOldGen       total 118272K, used 118021K [0x00000000c0000000, 0x00000000c7380000, 0x00000000eab00000)
  object space 118272K, 99% used [0x00000000c0000000,0x00000000c73416c8,0x00000000c7380000)
 Metaspace       used 46546K, committed 47680K, reserved 1114112K
  class space    used 4280K, committed 4800K, reserved 1048576K
}
Event: 68.644 GC heap before
{Heap before GC invocations=91 (full 2):
 PSYoungGen      total 10240K, used 10096K [0x00000000eab00000, 0x00000000eb800000, 0x0000000100000000)
  eden space 9216K, 100% used [0x00000000eab00000,0x00000000eb400000,0x00000000eb400000)
  from space 1024K, 85% used [0x00000000eb700000,0x00000000eb7dc030,0x00000000eb800000)
  to   space 1536K, 0% used [0x00000000eb500000,0x00000000eb500000,0x00000000eb680000)
 ParOldGen       total 118272K, used 118021K [0x00000000c0000000, 0x00000000c7380000, 0x00000000eab00000)
  object space 118272K, 99% used [0x00000000c0000000,0x00000000c73416c8,0x00000000c7380000)
 Metaspace       used 46548K, committed 47680K, reserved 1114112K
  class space    used 4280K, committed 4800K, reserved 1048576K
}
Event: 68.647 GC heap after
{Heap after GC invocations=91 (full 2):
 PSYoungGen      total 10752K, used 608K [0x00000000eab00000, 0x00000000eb780000, 0x0000000100000000)
  eden space 9216K, 0% used [0x00000000eab00000,0x00000000eab00000,0x00000000eb400000)
  from space 1536K, 39% used [0x00000000eb500000,0x00000000eb598020,0x00000000eb680000)
  to   space 1024K, 0% used [0x00000000eb680000,0x00000000eb680000,0x00000000eb780000)
 ParOldGen       total 119296K, used 118805K [0x00000000c0000000, 0x00000000c7480000, 0x00000000eab00000)
  object space 119296K, 99% used [0x00000000c0000000,0x00000000c7405440,0x00000000c7480000)
 Metaspace       used 46548K, committed 47680K, reserved 1114112K
  class space    used 4280K, committed 4800K, reserved 1048576K
}
Event: 68.737 GC heap before
{Heap before GC invocations=92 (full 2):
 PSYoungGen      total 10752K, used 9824K [0x00000000eab00000, 0x00000000eb780000, 0x0000000100000000)
  eden space 9216K, 100% used [0x00000000eab00000,0x00000000eb400000,0x00000000eb400000)
  from space 1536K, 39% used [0x00000000eb500000,0x00000000eb598020,0x00000000eb680000)
  to   space 1024K, 0% used [0x00000000eb680000,0x00000000eb680000,0x00000000eb780000)
 ParOldGen       total 119296K, used 118805K [0x00000000c0000000, 0x00000000c7480000, 0x00000000eab00000)
  object space 119296K, 99% used [0x00000000c0000000,0x00000000c7405440,0x00000000c7480000)
 Metaspace       used 46561K, committed 47744K, reserved 1114112K
  class space    used 4280K, committed 4800K, reserved 1048576K
}
Event: 68.743 GC heap after
{Heap after GC invocations=92 (full 2):
 PSYoungGen      total 10240K, used 752K [0x00000000eab00000, 0x00000000eb780000, 0x0000000100000000)
  eden space 9216K, 0% used [0x00000000eab00000,0x00000000eab00000,0x00000000eb400000)
  from space 1024K, 73% used [0x00000000eb680000,0x00000000eb73c050,0x00000000eb780000)
  to   space 1024K, 0% used [0x00000000eb580000,0x00000000eb580000,0x00000000eb680000)
 ParOldGen       total 119808K, used 119341K [0x00000000c0000000, 0x00000000c7500000, 0x00000000eab00000)
  object space 119808K, 99% used [0x00000000c0000000,0x00000000c748b480,0x00000000c7500000)
 Metaspace       used 46561K, committed 47744K, reserved 1114112K
  class space    used 4280K, committed 4800K, reserved 1048576K
}
Event: 68.817 GC heap before
{Heap before GC invocations=93 (full 2):
 PSYoungGen      total 10240K, used 9968K [0x00000000eab00000, 0x00000000eb780000, 0x0000000100000000)
  eden space 9216K, 100% used [0x00000000eab00000,0x00000000eb400000,0x00000000eb400000)
  from space 1024K, 73% used [0x00000000eb680000,0x00000000eb73c050,0x00000000eb780000)
  to   space 1024K, 0% used [0x00000000eb580000,0x00000000eb580000,0x00000000eb680000)
 ParOldGen       total 119808K, used 119341K [0x00000000c0000000, 0x00000000c7500000, 0x00000000eab00000)
  object space 119808K, 99% used [0x00000000c0000000,0x00000000c748b480,0x00000000c7500000)
 Metaspace       used 46564K, committed 47744K, reserved 1114112K
  class space    used 4280K, committed 4800K, reserved 1048576K
}
Event: 68.819 GC heap after
{Heap after GC invocations=93 (full 2):
 PSYoungGen      total 10240K, used 752K [0x00000000eab00000, 0x00000000eb700000, 0x0000000100000000)
  eden space 9216K, 0% used [0x00000000eab00000,0x00000000eab00000,0x00000000eb400000)
  from space 1024K, 73% used [0x00000000eb580000,0x00000000eb63c030,0x00000000eb680000)
  to   space 512K, 0% used [0x00000000eb680000,0x00000000eb680000,0x00000000eb700000)
 ParOldGen       total 120320K, used 120037K [0x00000000c0000000, 0x00000000c7580000, 0x00000000eab00000)
  object space 120320K, 99% used [0x00000000c0000000,0x00000000c75394e0,0x00000000c7580000)
 Metaspace       used 46564K, committed 47744K, reserved 1114112K
  class space    used 4280K, committed 4800K, reserved 1048576K
}
Event: 68.880 GC heap before
{Heap before GC invocations=94 (full 2):
 PSYoungGen      total 10240K, used 9968K [0x00000000eab00000, 0x00000000eb700000, 0x0000000100000000)
  eden space 9216K, 100% used [0x00000000eab00000,0x00000000eb400000,0x00000000eb400000)
  from space 1024K, 73% used [0x00000000eb580000,0x00000000eb63c030,0x00000000eb680000)
  to   space 512K, 0% used [0x00000000eb680000,0x00000000eb680000,0x00000000eb700000)
 ParOldGen       total 120320K, used 120037K [0x00000000c0000000, 0x00000000c7580000, 0x00000000eab00000)
  object space 120320K, 99% used [0x00000000c0000000,0x00000000c75394e0,0x00000000c7580000)
 Metaspace       used 46564K, committed 47744K, reserved 1114112K
  class space    used 4280K, committed 4800K, reserved 1048576K
}
Event: 68.882 GC heap after
{Heap after GC invocations=94 (full 2):
 PSYoungGen      total 9728K, used 496K [0x00000000eab00000, 0x00000000eb700000, 0x0000000100000000)
  eden space 9216K, 0% used [0x00000000eab00000,0x00000000eab00000,0x00000000eb400000)
  from space 512K, 96% used [0x00000000eb680000,0x00000000eb6fc010,0x00000000eb700000)
  to   space 1536K, 0% used [0x00000000eb400000,0x00000000eb400000,0x00000000eb580000)
 ParOldGen       total 121344K, used 120869K [0x00000000c0000000, 0x00000000c7680000, 0x00000000eab00000)
  object space 121344K, 99% used [0x00000000c0000000,0x00000000c7609570,0x00000000c7680000)
 Metaspace       used 46564K, committed 47744K, reserved 1114112K
  class space    used 4280K, committed 4800K, reserved 1048576K
}
Event: 68.951 GC heap before
{Heap before GC invocations=95 (full 2):
 PSYoungGen      total 9728K, used 9712K [0x00000000eab00000, 0x00000000eb700000, 0x0000000100000000)
  eden space 9216K, 100% used [0x00000000eab00000,0x00000000eb400000,0x00000000eb400000)
  from space 512K, 96% used [0x00000000eb680000,0x00000000eb6fc010,0x00000000eb700000)
  to   space 1536K, 0% used [0x00000000eb400000,0x00000000eb400000,0x00000000eb580000)
 ParOldGen       total 121344K, used 120869K [0x00000000c0000000, 0x00000000c7680000, 0x00000000eab00000)
  object space 121344K, 99% used [0x00000000c0000000,0x00000000c7609570,0x00000000c7680000)
 Metaspace       used 46564K, committed 47744K, reserved 1114112K
  class space    used 4280K, committed 4800K, reserved 1048576K
}
Event: 68.954 GC heap after
{Heap after GC invocations=95 (full 2):
 PSYoungGen      total 10752K, used 784K [0x00000000eab00000, 0x00000000eb700000, 0x0000000100000000)
  eden space 9216K, 0% used [0x00000000eab00000,0x00000000eab00000,0x00000000eb400000)
  from space 1536K, 51% used [0x00000000eb400000,0x00000000eb4c4030,0x00000000eb580000)
  to   space 1024K, 0% used [0x00000000eb600000,0x00000000eb600000,0x00000000eb700000)
 ParOldGen       total 121856K, used 121349K [0x00000000c0000000, 0x00000000c7700000, 0x00000000eab00000)
  object space 121856K, 99% used [0x00000000c0000000,0x00000000c76815a0,0x00000000c7700000)
 Metaspace       used 46564K, committed 47744K, reserved 1114112K
  class space    used 4280K, committed 4800K, reserved 1048576K
}
Event: 69.053 GC heap before
{Heap before GC invocations=96 (full 2):
 PSYoungGen      total 10752K, used 10000K [0x00000000eab00000, 0x00000000eb700000, 0x0000000100000000)
  eden space 9216K, 100% used [0x00000000eab00000,0x00000000eb400000,0x00000000eb400000)
  from space 1536K, 51% used [0x00000000eb400000,0x00000000eb4c4030,0x00000000eb580000)
  to   space 1024K, 0% used [0x00000000eb600000,0x00000000eb600000,0x00000000eb700000)
 ParOldGen       total 121856K, used 121349K [0x00000000c0000000, 0x00000000c7700000, 0x00000000eab00000)
  object space 121856K, 99% used [0x00000000c0000000,0x00000000c76815a0,0x00000000c7700000)
 Metaspace       used 46588K, committed 47744K, reserved 1114112K
  class space    used 4280K, committed 4800K, reserved 1048576K
}
Event: 69.063 GC heap after
{Heap after GC invocations=96 (full 2):
 PSYoungGen      total 10240K, used 982K [0x00000000eab00000, 0x00000000eb700000, 0x0000000100000000)
  eden space 9216K, 0% used [0x00000000eab00000,0x00000000eab00000,0x00000000eb400000)
  from space 1024K, 95% used [0x00000000eb600000,0x00000000eb6f5bb0,0x00000000eb700000)
  to   space 1024K, 0% used [0x00000000eb500000,0x00000000eb500000,0x00000000eb600000)
 ParOldGen       total 122368K, used 122040K [0x00000000c0000000, 0x00000000c7780000, 0x00000000eab00000)
  object space 122368K, 99% used [0x00000000c0000000,0x00000000c772e3d8,0x00000000c7780000)
 Metaspace       used 46588K, committed 47744K, reserved 1114112K
  class space    used 4280K, committed 4800K, reserved 1048576K
}
Event: 69.381 GC heap before
{Heap before GC invocations=97 (full 2):
 PSYoungGen      total 10240K, used 10198K [0x00000000eab00000, 0x00000000eb700000, 0x0000000100000000)
  eden space 9216K, 100% used [0x00000000eab00000,0x00000000eb400000,0x00000000eb400000)
  from space 1024K, 95% used [0x00000000eb600000,0x00000000eb6f5bb0,0x00000000eb700000)
  to   space 1024K, 0% used [0x00000000eb500000,0x00000000eb500000,0x00000000eb600000)
 ParOldGen       total 122368K, used 122040K [0x00000000c0000000, 0x00000000c7780000, 0x00000000eab00000)
  object space 122368K, 99% used [0x00000000c0000000,0x00000000c772e3d8,0x00000000c7780000)
 Metaspace       used 46589K, committed 47744K, reserved 1114112K
  class space    used 4280K, committed 4800K, reserved 1048576K
}
Event: 69.384 GC heap after
{Heap after GC invocations=97 (full 2):
 PSYoungGen      total 10240K, used 992K [0x00000000eab00000, 0x00000000eb900000, 0x0000000100000000)
  eden space 9216K, 0% used [0x00000000eab00000,0x00000000eab00000,0x00000000eb400000)
  from space 1024K, 96% used [0x00000000eb500000,0x00000000eb5f8020,0x00000000eb600000)
  to   space 2560K, 0% used [0x00000000eb680000,0x00000000eb680000,0x00000000eb900000)
 ParOldGen       total 123392K, used 123063K [0x00000000c0000000, 0x00000000c7880000, 0x00000000eab00000)
  object space 123392K, 99% used [0x00000000c0000000,0x00000000c782dc10,0x00000000c7880000)
 Metaspace       used 46589K, committed 47744K, reserved 1114112K
  class space    used 4280K, committed 4800K, reserved 1048576K
}
Event: 69.853 GC heap before
{Heap before GC invocations=98 (full 2):
 PSYoungGen      total 10240K, used 10208K [0x00000000eab00000, 0x00000000eb900000, 0x0000000100000000)
  eden space 9216K, 100% used [0x00000000eab00000,0x00000000eb400000,0x00000000eb400000)
  from space 1024K, 96% used [0x00000000eb500000,0x00000000eb5f8020,0x00000000eb600000)
  to   space 2560K, 0% used [0x00000000eb680000,0x00000000eb680000,0x00000000eb900000)
 ParOldGen       total 123392K, used 123063K [0x00000000c0000000, 0x00000000c7880000, 0x00000000eab00000)
  object space 123392K, 99% used [0x00000000c0000000,0x00000000c782dc10,0x00000000c7880000)
 Metaspace       used 46623K, committed 47808K, reserved 1114112K
  class space    used 4280K, committed 4800K, reserved 1048576K
}
Event: 69.861 GC heap after
{Heap after GC invocations=98 (full 2):
 PSYoungGen      total 10752K, used 1209K [0x00000000eab00000, 0x00000000eb800000, 0x0000000100000000)
  eden space 9216K, 0% used [0x00000000eab00000,0x00000000eab00000,0x00000000eb400000)
  from space 1536K, 78% used [0x00000000eb680000,0x00000000eb7ae458,0x00000000eb800000)
  to   space 1536K, 0% used [0x00000000eb500000,0x00000000eb500000,0x00000000eb680000)
 ParOldGen       total 124416K, used 124041K [0x00000000c0000000, 0x00000000c7980000, 0x00000000eab00000)
  object space 124416K, 99% used [0x00000000c0000000,0x00000000c79226e8,0x00000000c7980000)
 Metaspace       used 46623K, committed 47808K, reserved 1114112K
  class space    used 4280K, committed 4800K, reserved 1048576K
}

