# JRE version: OpenJDK Runtime Environment Temurin-21.0.9+10 (21.0.9+10) (build 21.0.9+10-LTS)
# Java VM: OpenJDK 64-Bit Server VM Temurin-21.0.9+10 (21.0.9+10-LTS, mixed mode, sharing, tiered, compressed oops, compressed class ptrs, parallel gc, windows-amd64)
GC Precious Log:
 CardTable entry size: 512
 CPUs: 4 total, 4 available
 Memory: 16259M
 Large Page Support: Disabled
 NUMA Support: Disabled
 Compressed Oops: Enabled (32-bit)
 Alignments: Space 512K, Generation 512K, Heap 2M
 Heap Min Capacity: 100M
 Heap Initial Capacity: 100M
 Heap Max Capacity: 2G
 Pre-touch: Disabled
 Parallel Workers: 4
Heap:
 PSYoungGen      total 3072K, used 789K [0x00000000d5580000, 0x00000000d5a00000, 0x0000000100000000)
  eden space 2560K, 25% used [0x00000000d5580000,0x00000000d56254e8,0x00000000d5800000)
  from space 512K, 25% used [0x00000000d5980000,0x00000000d59a0000,0x00000000d5a00000)
  to   space 512K, 0% used [0x00000000d5900000,0x00000000d5900000,0x00000000d5980000)
 ParOldGen       total 282112K, used 189004K [0x0000000080000000, 0x0000000091380000, 0x00000000d5580000)
  object space 282112K, 66% used [0x0000000080000000,0x000000008b893338,0x0000000091380000)
 Metaspace       used 78236K, committed 79872K, reserved 1179648K
  class space    used 7944K, committed 8640K, reserved 1048576K
GC Heap History (20 events):
Event: 263.878 GC heap before
{Heap before GC invocations=411 (full 4):
 PSYoungGen      total 3584K, used 3200K [0x00000000d5580000, 0x00000000d5a00000, 0x0000000100000000)
  eden space 3072K, 100% used [0x00000000d5580000,0x00000000d5880000,0x00000000d5880000)
  from space 512K, 25% used [0x00000000d5980000,0x00000000d59a0000,0x00000000d5a00000)
  to   space 512K, 0% used [0x00000000d5880000,0x00000000d5880000,0x00000000d5900000)
 ParOldGen       total 282112K, used 186612K [0x0000000080000000, 0x0000000091380000, 0x00000000d5580000)
  object space 282112K, 66% used [0x0000000080000000,0x000000008b63d198,0x0000000091380000)
 Metaspace       used 78155K, committed 79808K, reserved 1179648K
  class space    used 7941K, committed 8640K, reserved 1048576K
}
Event: 263.879 GC heap after
{Heap after GC invocations=411 (full 4):
 PSYoungGen      total 3584K, used 320K [0x00000000d5580000, 0x00000000d5a00000, 0x0000000100000000)
  eden space 3072K, 0% used [0x00000000d5580000,0x00000000d5580000,0x00000000d5880000)
  from space 512K, 62% used [0x00000000d5880000,0x00000000d58d0000,0x00000000d5900000)
  to   space 512K, 0% used [0x00000000d5980000,0x00000000d5980000,0x00000000d5a00000)
 ParOldGen       total 282112K, used 186708K [0x0000000080000000, 0x0000000091380000, 0x00000000d5580000)
  object space 282112K, 66% used [0x0000000080000000,0x000000008b655198,0x0000000091380000)
 Metaspace       used 78155K, committed 79808K, reserved 1179648K
  class space    used 7941K, committed 8640K, reserved 1048576K
}
Event: 263.896 GC heap before
{Heap before GC invocations=412 (full 4):
 PSYoungGen      total 3584K, used 3392K [0x00000000d5580000, 0x00000000d5a00000, 0x0000000100000000)
  eden space 3072K, 100% used [0x00000000d5580000,0x00000000d5880000,0x00000000d5880000)
  from space 512K, 62% used [0x00000000d5880000,0x00000000d58d0000,0x00000000d5900000)
  to   space 512K, 0% used [0x00000000d5980000,0x00000000d5980000,0x00000000d5a00000)
 ParOldGen       total 282112K, used 186708K [0x0000000080000000, 0x0000000091380000, 0x00000000d5580000)
  object space 282112K, 66% used [0x0000000080000000,0x000000008b655198,0x0000000091380000)
 Metaspace       used 78155K, committed 79808K, reserved 1179648K
  class space    used 7941K, committed 8640K, reserved 1048576K
}
Event: 263.898 GC heap after
{Heap after GC invocations=412 (full 4):
 PSYoungGen      total 3584K, used 240K [0x00000000d5580000, 0x00000000d5a00000, 0x0000000100000000)
  eden space 3072K, 0% used [0x00000000d5580000,0x00000000d5580000,0x00000000d5880000)
  from space 512K, 46% used [0x00000000d5980000,0x00000000d59bc010,0x00000000d5a00000)
  to   space 512K, 0% used [0x00000000d5880000,0x00000000d5880000,0x00000000d5900000)
 ParOldGen       total 282112K, used 186972K [0x0000000080000000, 0x0000000091380000, 0x00000000d5580000)
  object space 282112K, 66% used [0x0000000080000000,0x000000008b697198,0x0000000091380000)
 Metaspace       used 78155K, committed 79808K, reserved 1179648K
  class space    used 7941K, committed 8640K, reserved 1048576K
}
Event: 263.904 GC heap before
{Heap before GC invocations=413 (full 4):
 PSYoungGen      total 3584K, used 3312K [0x00000000d5580000, 0x00000000d5a00000, 0x0000000100000000)
  eden space 3072K, 100% used [0x00000000d5580000,0x00000000d5880000,0x00000000d5880000)
  from space 512K, 46% used [0x00000000d5980000,0x00000000d59bc010,0x00000000d5a00000)
  to   space 512K, 0% used [0x00000000d5880000,0x00000000d5880000,0x00000000d5900000)
 ParOldGen       total 282112K, used 186972K [0x0000000080000000, 0x0000000091380000, 0x00000000d5580000)
  object space 282112K, 66% used [0x0000000080000000,0x000000008b697198,0x0000000091380000)
 Metaspace       used 78155K, committed 79808K, reserved 1179648K
  class space    used 7941K, committed 8640K, reserved 1048576K
}
Event: 263.906 GC heap after
{Heap after GC invocations=413 (full 4):
 PSYoungGen      total 3584K, used 320K [0x00000000d5580000, 0x00000000d5a00000, 0x0000000100000000)
  eden space 3072K, 0% used [0x00000000d5580000,0x00000000d5580000,0x00000000d5880000)
  from space 512K, 62% used [0x00000000d5880000,0x00000000d58d0020,0x00000000d5900000)
  to   space 512K, 0% used [0x00000000d5980000,0x00000000d5980000,0x00000000d5a00000)
 ParOldGen       total 282112K, used 187140K [0x0000000080000000, 0x0000000091380000, 0x00000000d5580000)
  object space 282112K, 66% used [0x0000000080000000,0x000000008b6c1198,0x0000000091380000)
 Metaspace       used 78155K, committed 79808K, reserved 1179648K
  class space    used 7941K, committed 8640K, reserved 1048576K
}
Event: 263.940 GC heap before
{Heap before GC invocations=414 (full 4):
 PSYoungGen      total 3584K, used 3392K [0x00000000d5580000, 0x00000000d5a00000, 0x0000000100000000)
  eden space 3072K, 100% used [0x00000000d5580000,0x00000000d5880000,0x00000000d5880000)
  from space 512K, 62% used [0x00000000d5880000,0x00000000d58d0020,0x00000000d5900000)
  to   space 512K, 0% used [0x00000000d5980000,0x00000000d5980000,0x00000000d5a00000)
 ParOldGen       total 282112K, used 187140K [0x0000000080000000, 0x0000000091380000, 0x00000000d5580000)
  object space 282112K, 66% used [0x0000000080000000,0x000000008b6c1198,0x0000000091380000)
 Metaspace       used 78155K, committed 79808K, reserved 1179648K
  class space    used 7941K, committed 8640K, reserved 1048576K
}
Event: 263.942 GC heap after
{Heap after GC invocations=414 (full 4):
 PSYoungGen      total 3584K, used 352K [0x00000000d5580000, 0x00000000d5a00000, 0x0000000100000000)
  eden space 3072K, 0% used [0x00000000d5580000,0x00000000d5580000,0x00000000d5880000)
  from space 512K, 68% used [0x00000000d5980000,0x00000000d59d8000,0x00000000d5a00000)
  to   space 512K, 0% used [0x00000000d5880000,0x00000000d5880000,0x00000000d5900000)
 ParOldGen       total 282112K, used 187372K [0x0000000080000000, 0x0000000091380000, 0x00000000d5580000)
  object space 282112K, 66% used [0x0000000080000000,0x000000008b6fb1b8,0x0000000091380000)
 Metaspace       used 78155K, committed 79808K, reserved 1179648K
  class space    used 7941K, committed 8640K, reserved 1048576K
}
Event: 263.954 GC heap before
{Heap before GC invocations=415 (full 4):
 PSYoungGen      total 3584K, used 3424K [0x00000000d5580000, 0x00000000d5a00000, 0x0000000100000000)
  eden space 3072K, 100% used [0x00000000d5580000,0x00000000d5880000,0x00000000d5880000)
  from space 512K, 68% used [0x00000000d5980000,0x00000000d59d8000,0x00000000d5a00000)
  to   space 512K, 0% used [0x00000000d5880000,0x00000000d5880000,0x00000000d5900000)
 ParOldGen       total 282112K, used 187372K [0x0000000080000000, 0x0000000091380000, 0x00000000d5580000)
  object space 282112K, 66% used [0x0000000080000000,0x000000008b6fb1b8,0x0000000091380000)
 Metaspace       used 78155K, committed 79808K, reserved 1179648K
  class space    used 7941K, committed 8640K, reserved 1048576K
}
Event: 263.955 GC heap after
{Heap after GC invocations=415 (full 4):
 PSYoungGen      total 3584K, used 240K [0x00000000d5580000, 0x00000000d5a00000, 0x0000000100000000)
  eden space 3072K, 0% used [0x00000000d5580000,0x00000000d5580000,0x00000000d5880000)
  from space 512K, 46% used [0x00000000d5880000,0x00000000d58bc010,0x00000000d5900000)
  to   space 512K, 0% used [0x00000000d5980000,0x00000000d5980000,0x00000000d5a00000)
 ParOldGen       total 282112K, used 187640K [0x0000000080000000, 0x0000000091380000, 0x00000000d5580000)
  object space 282112K, 66% used [0x0000000080000000,0x000000008b73e0f8,0x0000000091380000)
 Metaspace       used 78155K, committed 79808K, reserved 1179648K
  class space    used 7941K, committed 8640K, reserved 1048576K
}
Event: 263.963 GC heap before
{Heap before GC invocations=416 (full 4):
 PSYoungGen      total 3584K, used 3312K [0x00000000d5580000, 0x00000000d5a00000, 0x0000000100000000)
  eden space 3072K, 100% used [0x00000000d5580000,0x00000000d5880000,0x00000000d5880000)
  from space 512K, 46% used [0x00000000d5880000,0x00000000d58bc010,0x00000000d5900000)
  to   space 512K, 0% used [0x00000000d5980000,0x00000000d5980000,0x00000000d5a00000)
 ParOldGen       total 282112K, used 187640K [0x0000000080000000, 0x0000000091380000, 0x00000000d5580000)
  object space 282112K, 66% used [0x0000000080000000,0x000000008b73e0f8,0x0000000091380000)
 Metaspace       used 78155K, committed 79808K, reserved 1179648K
  class space    used 7941K, committed 8640K, reserved 1048576K
}
Event: 263.966 GC heap after
{Heap after GC invocations=416 (full 4):
 PSYoungGen      total 3584K, used 224K [0x00000000d5580000, 0x00000000d5a00000, 0x0000000100000000)
  eden space 3072K, 0% used [0x00000000d5580000,0x00000000d5580000,0x00000000d5880000)
  from space 512K, 43% used [0x00000000d5980000,0x00000000d59b8020,0x00000000d5a00000)
  to   space 512K, 0% used [0x00000000d5880000,0x00000000d5880000,0x00000000d5900000)
 ParOldGen       total 282112K, used 187816K [0x0000000080000000, 0x0000000091380000, 0x00000000d5580000)
  object space 282112K, 66% used [0x0000000080000000,0x000000008b76a0f8,0x0000000091380000)
 Metaspace       used 78155K, committed 79808K, reserved 1179648K
  class space    used 7941K, committed 8640K, reserved 1048576K
}
Event: 264.063 GC heap before
{Heap before GC invocations=417 (full 4):
 PSYoungGen      total 3584K, used 3296K [0x00000000d5580000, 0x00000000d5a00000, 0x0000000100000000)
  eden space 3072K, 100% used [0x00000000d5580000,0x00000000d5880000,0x00000000d5880000)
  from space 512K, 43% used [0x00000000d5980000,0x00000000d59b8020,0x00000000d5a00000)
  to   space 512K, 0% used [0x00000000d5880000,0x00000000d5880000,0x00000000d5900000)
 ParOldGen       total 282112K, used 187816K [0x0000000080000000, 0x0000000091380000, 0x00000000d5580000)
  object space 282112K, 66% used [0x0000000080000000,0x000000008b76a0f8,0x0000000091380000)
 Metaspace       used 78155K, committed 79808K, reserved 1179648K
  class space    used 7941K, committed 8640K, reserved 1048576K
}
Event: 264.065 GC heap after
{Heap after GC invocations=417 (full 4):
 PSYoungGen      total 3584K, used 448K [0x00000000d5580000, 0x00000000d5a00000, 0x0000000100000000)
  eden space 3072K, 0% used [0x00000000d5580000,0x00000000d5580000,0x00000000d5880000)
  from space 512K, 87% used [0x00000000d5880000,0x00000000d58f0000,0x00000000d5900000)
  to   space 512K, 0% used [0x00000000d5980000,0x00000000d5980000,0x00000000d5a00000)
 ParOldGen       total 282112K, used 187976K [0x0000000080000000, 0x0000000091380000, 0x00000000d5580000)
  object space 282112K, 66% used [0x0000000080000000,0x000000008b792118,0x0000000091380000)
 Metaspace       used 78155K, committed 79808K, reserved 1179648K
  class space    used 7941K, committed 8640K, reserved 1048576K
}
Event: 264.224 GC heap before
{Heap before GC invocations=418 (full 4):
 PSYoungGen      total 3584K, used 3520K [0x00000000d5580000, 0x00000000d5a00000, 0x0000000100000000)
  eden space 3072K, 100% used [0x00000000d5580000,0x00000000d5880000,0x00000000d5880000)
  from space 512K, 87% used [0x00000000d5880000,0x00000000d58f0000,0x00000000d5900000)
  to   space 512K, 0% used [0x00000000d5980000,0x00000000d5980000,0x00000000d5a00000)
 ParOldGen       total 282112K, used 187976K [0x0000000080000000, 0x0000000091380000, 0x00000000d5580000)
  object space 282112K, 66% used [0x0000000080000000,0x000000008b792118,0x0000000091380000)
 Metaspace       used 78165K, committed 79872K, reserved 1179648K
  class space    used 7941K, committed 8640K, reserved 1048576K
}
Event: 264.227 GC heap after
{Heap after GC invocations=418 (full 4):
 PSYoungGen      total 3072K, used 512K [0x00000000d5580000, 0x00000000d5b80000, 0x0000000100000000)
  eden space 2560K, 0% used [0x00000000d5580000,0x00000000d5580000,0x00000000d5800000)
  from space 512K, 100% used [0x00000000d5980000,0x00000000d5a00000,0x00000000d5a00000)
  to   space 1536K, 0% used [0x00000000d5800000,0x00000000d5800000,0x00000000d5980000)
 ParOldGen       total 282112K, used 188444K [0x0000000080000000, 0x0000000091380000, 0x00000000d5580000)
  object space 282112K, 66% used [0x0000000080000000,0x000000008b807318,0x0000000091380000)
 Metaspace       used 78165K, committed 79872K, reserved 1179648K
  class space    used 7941K, committed 8640K, reserved 1048576K
}
Event: 424.979 GC heap before
{Heap before GC invocations=419 (full 4):
 PSYoungGen      total 3072K, used 3071K [0x00000000d5580000, 0x00000000d5b80000, 0x0000000100000000)
  eden space 2560K, 99% used [0x00000000d5580000,0x00000000d57fffd8,0x00000000d5800000)
  from space 512K, 100% used [0x00000000d5980000,0x00000000d5a00000,0x00000000d5a00000)
  to   space 1536K, 0% used [0x00000000d5800000,0x00000000d5800000,0x00000000d5980000)
 ParOldGen       total 282112K, used 188444K [0x0000000080000000, 0x0000000091380000, 0x00000000d5580000)
  object space 282112K, 66% used [0x0000000080000000,0x000000008b807318,0x0000000091380000)
 Metaspace       used 78195K, committed 79872K, reserved 1179648K
  class space    used 7944K, committed 8640K, reserved 1048576K
}
Event: 424.985 GC heap after
{Heap after GC invocations=419 (full 4):
 PSYoungGen      total 4096K, used 128K [0x00000000d5580000, 0x00000000d5a00000, 0x0000000100000000)
  eden space 2560K, 0% used [0x00000000d5580000,0x00000000d5580000,0x00000000d5800000)
  from space 1536K, 8% used [0x00000000d5800000,0x00000000d5820000,0x00000000d5980000)
  to   space 512K, 0% used [0x00000000d5980000,0x00000000d5980000,0x00000000d5a00000)
 ParOldGen       total 282112K, used 188964K [0x0000000080000000, 0x0000000091380000, 0x00000000d5580000)
  object space 282112K, 66% used [0x0000000080000000,0x000000008b889338,0x0000000091380000)
 Metaspace       used 78195K, committed 79872K, reserved 1179648K
  class space    used 7944K, committed 8640K, reserved 1048576K
}
Event: 495.109 GC heap before
{Heap before GC invocations=420 (full 4):
 PSYoungGen      total 4096K, used 2688K [0x00000000d5580000, 0x00000000d5a00000, 0x0000000100000000)
  eden space 2560K, 100% used [0x00000000d5580000,0x00000000d5800000,0x00000000d5800000)
  from space 1536K, 8% used [0x00000000d5800000,0x00000000d5820000,0x00000000d5980000)
  to   space 512K, 0% used [0x00000000d5980000,0x00000000d5980000,0x00000000d5a00000)
 ParOldGen       total 282112K, used 188964K [0x0000000080000000, 0x0000000091380000, 0x00000000d5580000)
  object space 282112K, 66% used [0x0000000080000000,0x000000008b889338,0x0000000091380000)
 Metaspace       used 78210K, committed 79872K, reserved 1179648K
  class space    used 7944K, committed 8640K, reserved 1048576K
}
Event: 495.111 GC heap after
{Heap after GC invocations=420 (full 4):
 PSYoungGen      total 3072K, used 128K [0x00000000d5580000, 0x00000000d5a00000, 0x0000000100000000)
  eden space 2560K, 0% used [0x00000000d5580000,0x00000000d5580000,0x00000000d5800000)
  from space 512K, 25% used [0x00000000d5980000,0x00000000d59a0000,0x00000000d5a00000)
  to   space 512K, 0% used [0x00000000d5900000,0x00000000d5900000,0x00000000d5980000)
 ParOldGen       total 282112K, used 189004K [0x0000000080000000, 0x0000000091380000, 0x00000000d5580000)
  object space 282112K, 66% used [0x0000000080000000,0x000000008b893338,0x0000000091380000)
 Metaspace       used 78210K, committed 79872K, reserved 1179648K
  class space    used 7944K, committed 8640K, reserved 1048576K
}

