# JRE version: OpenJDK Runtime Environment Temurin-21.0.8+9 (21.0.8+9) (build 21.0.8+9-LTS)
# Java VM: OpenJDK 64-Bit Server VM Temurin-21.0.8+9 (21.0.8+9-LTS, mixed mode, sharing, tiered, compressed oops, compressed class ptrs, parallel gc, windows-amd64)
GC Precious Log:
 CardTable entry size: 512
 CPUs: 4 total, 4 available
 Memory: 16263M
 Large Page Support: Disabled
 NUMA Support: Disabled
 Compressed Oops: Enabled (32-bit)
 Alignments: Space 512K, Generation 512K, Heap 2M
 Heap Min Capacity: 100M
 Heap Initial Capacity: 100M
 Heap Max Capacity: 2G
 Pre-touch: Disabled
 Parallel Workers: 4
Heap:
 PSYoungGen      total 2560K, used 2023K [0x00000000d5580000, 0x00000000d5980000, 0x0000000100000000)
  eden space 2048K, 92% used [0x00000000d5580000,0x00000000d5759f28,0x00000000d5780000)
  from space 512K, 25% used [0x00000000d5880000,0x00000000d58a0000,0x00000000d5900000)
  to   space 512K, 0% used [0x00000000d5900000,0x00000000d5900000,0x00000000d5980000)
 ParOldGen       total 246784K, used 149876K [0x0000000080000000, 0x000000008f100000, 0x00000000d5580000)
  object space 246784K, 60% used [0x0000000080000000,0x000000008925d380,0x000000008f100000)
 Metaspace       used 78339K, committed 80064K, reserved 1179648K
  class space    used 8034K, committed 8768K, reserved 1048576K
GC Heap History (20 events):
Event: 150112.213 GC heap before
{Heap before GC invocations=660 (full 4):
 PSYoungGen      total 2560K, used 2176K [0x00000000d5580000, 0x00000000d5980000, 0x0000000100000000)
  eden space 2048K, 100% used [0x00000000d5580000,0x00000000d5780000,0x00000000d5780000)
  from space 512K, 25% used [0x00000000d5880000,0x00000000d58a0000,0x00000000d5900000)
  to   space 512K, 0% used [0x00000000d5900000,0x00000000d5900000,0x00000000d5980000)
 ParOldGen       total 246784K, used 149540K [0x0000000080000000, 0x000000008f100000, 0x00000000d5580000)
  object space 246784K, 60% used [0x0000000080000000,0x0000000089209340,0x000000008f100000)
 Metaspace       used 78293K, committed 80000K, reserved 1179648K
  class space    used 8034K, committed 8768K, reserved 1048576K
}
Event: 150112.404 GC heap after
{Heap after GC invocations=660 (full 4):
 PSYoungGen      total 2560K, used 128K [0x00000000d5580000, 0x00000000d5980000, 0x0000000100000000)
  eden space 2048K, 0% used [0x00000000d5580000,0x00000000d5580000,0x00000000d5780000)
  from space 512K, 25% used [0x00000000d5900000,0x00000000d5920000,0x00000000d5980000)
  to   space 512K, 0% used [0x00000000d5880000,0x00000000d5880000,0x00000000d5900000)
 ParOldGen       total 246784K, used 149540K [0x0000000080000000, 0x000000008f100000, 0x00000000d5580000)
  object space 246784K, 60% used [0x0000000080000000,0x0000000089209340,0x000000008f100000)
 Metaspace       used 78293K, committed 80000K, reserved 1179648K
  class space    used 8034K, committed 8768K, reserved 1048576K
}
Event: 150113.504 GC heap before
{Heap before GC invocations=661 (full 4):
 PSYoungGen      total 2560K, used 2176K [0x00000000d5580000, 0x00000000d5980000, 0x0000000100000000)
  eden space 2048K, 100% used [0x00000000d5580000,0x00000000d5780000,0x00000000d5780000)
  from space 512K, 25% used [0x00000000d5900000,0x00000000d5920000,0x00000000d5980000)
  to   space 512K, 0% used [0x00000000d5880000,0x00000000d5880000,0x00000000d5900000)
 ParOldGen       total 246784K, used 149540K [0x0000000080000000, 0x000000008f100000, 0x00000000d5580000)
  object space 246784K, 60% used [0x0000000080000000,0x0000000089209340,0x000000008f100000)
 Metaspace       used 78296K, committed 80000K, reserved 1179648K
  class space    used 8034K, committed 8768K, reserved 1048576K
}
Event: 150113.510 GC heap after
{Heap after GC invocations=661 (full 4):
 PSYoungGen      total 2560K, used 96K [0x00000000d5580000, 0x00000000d5980000, 0x0000000100000000)
  eden space 2048K, 0% used [0x00000000d5580000,0x00000000d5580000,0x00000000d5780000)
  from space 512K, 18% used [0x00000000d5880000,0x00000000d5898000,0x00000000d5900000)
  to   space 512K, 0% used [0x00000000d5900000,0x00000000d5900000,0x00000000d5980000)
 ParOldGen       total 246784K, used 149556K [0x0000000080000000, 0x000000008f100000, 0x00000000d5580000)
  object space 246784K, 60% used [0x0000000080000000,0x000000008920d340,0x000000008f100000)
 Metaspace       used 78296K, committed 80000K, reserved 1179648K
  class space    used 8034K, committed 8768K, reserved 1048576K
}
Event: 150114.060 GC heap before
{Heap before GC invocations=662 (full 4):
 PSYoungGen      total 2560K, used 2143K [0x00000000d5580000, 0x00000000d5980000, 0x0000000100000000)
  eden space 2048K, 99% used [0x00000000d5580000,0x00000000d577fff8,0x00000000d5780000)
  from space 512K, 18% used [0x00000000d5880000,0x00000000d5898000,0x00000000d5900000)
  to   space 512K, 0% used [0x00000000d5900000,0x00000000d5900000,0x00000000d5980000)
 ParOldGen       total 246784K, used 149556K [0x0000000080000000, 0x000000008f100000, 0x00000000d5580000)
  object space 246784K, 60% used [0x0000000080000000,0x000000008920d340,0x000000008f100000)
 Metaspace       used 78309K, committed 80064K, reserved 1179648K
  class space    used 8034K, committed 8768K, reserved 1048576K
}
Event: 150114.062 GC heap after
{Heap after GC invocations=662 (full 4):
 PSYoungGen      total 2560K, used 192K [0x00000000d5580000, 0x00000000d5980000, 0x0000000100000000)
  eden space 2048K, 0% used [0x00000000d5580000,0x00000000d5580000,0x00000000d5780000)
  from space 512K, 37% used [0x00000000d5900000,0x00000000d5930020,0x00000000d5980000)
  to   space 512K, 0% used [0x00000000d5880000,0x00000000d5880000,0x00000000d5900000)
 ParOldGen       total 246784K, used 149572K [0x0000000080000000, 0x000000008f100000, 0x00000000d5580000)
  object space 246784K, 60% used [0x0000000080000000,0x0000000089211340,0x000000008f100000)
 Metaspace       used 78309K, committed 80064K, reserved 1179648K
  class space    used 8034K, committed 8768K, reserved 1048576K
}
Event: 150127.150 GC heap before
{Heap before GC invocations=663 (full 4):
 PSYoungGen      total 2560K, used 2240K [0x00000000d5580000, 0x00000000d5980000, 0x0000000100000000)
  eden space 2048K, 100% used [0x00000000d5580000,0x00000000d5780000,0x00000000d5780000)
  from space 512K, 37% used [0x00000000d5900000,0x00000000d5930020,0x00000000d5980000)
  to   space 512K, 0% used [0x00000000d5880000,0x00000000d5880000,0x00000000d5900000)
 ParOldGen       total 246784K, used 149572K [0x0000000080000000, 0x000000008f100000, 0x00000000d5580000)
  object space 246784K, 60% used [0x0000000080000000,0x0000000089211340,0x000000008f100000)
 Metaspace       used 78313K, committed 80064K, reserved 1179648K
  class space    used 8034K, committed 8768K, reserved 1048576K
}
Event: 150127.154 GC heap after
{Heap after GC invocations=663 (full 4):
 PSYoungGen      total 2560K, used 128K [0x00000000d5580000, 0x00000000d5980000, 0x0000000100000000)
  eden space 2048K, 0% used [0x00000000d5580000,0x00000000d5580000,0x00000000d5780000)
  from space 512K, 25% used [0x00000000d5880000,0x00000000d58a0000,0x00000000d5900000)
  to   space 512K, 0% used [0x00000000d5900000,0x00000000d5900000,0x00000000d5980000)
 ParOldGen       total 246784K, used 149660K [0x0000000080000000, 0x000000008f100000, 0x00000000d5580000)
  object space 246784K, 60% used [0x0000000080000000,0x0000000089227360,0x000000008f100000)
 Metaspace       used 78313K, committed 80064K, reserved 1179648K
  class space    used 8034K, committed 8768K, reserved 1048576K
}
Event: 150127.374 GC heap before
{Heap before GC invocations=664 (full 4):
 PSYoungGen      total 2560K, used 2176K [0x00000000d5580000, 0x00000000d5980000, 0x0000000100000000)
  eden space 2048K, 100% used [0x00000000d5580000,0x00000000d5780000,0x00000000d5780000)
  from space 512K, 25% used [0x00000000d5880000,0x00000000d58a0000,0x00000000d5900000)
  to   space 512K, 0% used [0x00000000d5900000,0x00000000d5900000,0x00000000d5980000)
 ParOldGen       total 246784K, used 149660K [0x0000000080000000, 0x000000008f100000, 0x00000000d5580000)
  object space 246784K, 60% used [0x0000000080000000,0x0000000089227360,0x000000008f100000)
 Metaspace       used 78314K, committed 80064K, reserved 1179648K
  class space    used 8034K, committed 8768K, reserved 1048576K
}
Event: 150127.378 GC heap after
{Heap after GC invocations=664 (full 4):
 PSYoungGen      total 2560K, used 128K [0x00000000d5580000, 0x00000000d5980000, 0x0000000100000000)
  eden space 2048K, 0% used [0x00000000d5580000,0x00000000d5580000,0x00000000d5780000)
  from space 512K, 25% used [0x00000000d5900000,0x00000000d5920000,0x00000000d5980000)
  to   space 512K, 0% used [0x00000000d5880000,0x00000000d5880000,0x00000000d5900000)
 ParOldGen       total 246784K, used 149684K [0x0000000080000000, 0x000000008f100000, 0x00000000d5580000)
  object space 246784K, 60% used [0x0000000080000000,0x000000008922d360,0x000000008f100000)
 Metaspace       used 78314K, committed 80064K, reserved 1179648K
  class space    used 8034K, committed 8768K, reserved 1048576K
}
Event: 158498.532 GC heap before
{Heap before GC invocations=665 (full 4):
 PSYoungGen      total 2560K, used 2176K [0x00000000d5580000, 0x00000000d5980000, 0x0000000100000000)
  eden space 2048K, 100% used [0x00000000d5580000,0x00000000d5780000,0x00000000d5780000)
  from space 512K, 25% used [0x00000000d5900000,0x00000000d5920000,0x00000000d5980000)
  to   space 512K, 0% used [0x00000000d5880000,0x00000000d5880000,0x00000000d5900000)
 ParOldGen       total 246784K, used 149684K [0x0000000080000000, 0x000000008f100000, 0x00000000d5580000)
  object space 246784K, 60% used [0x0000000080000000,0x000000008922d360,0x000000008f100000)
 Metaspace       used 78327K, committed 80064K, reserved 1179648K
  class space    used 8034K, committed 8768K, reserved 1048576K
}
Event: 158498.766 GC heap after
{Heap after GC invocations=665 (full 4):
 PSYoungGen      total 2560K, used 128K [0x00000000d5580000, 0x00000000d5980000, 0x0000000100000000)
  eden space 2048K, 0% used [0x00000000d5580000,0x00000000d5580000,0x00000000d5780000)
  from space 512K, 25% used [0x00000000d5880000,0x00000000d58a0000,0x00000000d5900000)
  to   space 512K, 0% used [0x00000000d5900000,0x00000000d5900000,0x00000000d5980000)
 ParOldGen       total 246784K, used 149716K [0x0000000080000000, 0x000000008f100000, 0x00000000d5580000)
  object space 246784K, 60% used [0x0000000080000000,0x0000000089235360,0x000000008f100000)
 Metaspace       used 78327K, committed 80064K, reserved 1179648K
  class space    used 8034K, committed 8768K, reserved 1048576K
}
Event: 158499.033 GC heap before
{Heap before GC invocations=666 (full 4):
 PSYoungGen      total 2560K, used 2176K [0x00000000d5580000, 0x00000000d5980000, 0x0000000100000000)
  eden space 2048K, 100% used [0x00000000d5580000,0x00000000d5780000,0x00000000d5780000)
  from space 512K, 25% used [0x00000000d5880000,0x00000000d58a0000,0x00000000d5900000)
  to   space 512K, 0% used [0x00000000d5900000,0x00000000d5900000,0x00000000d5980000)
 ParOldGen       total 246784K, used 149716K [0x0000000080000000, 0x000000008f100000, 0x00000000d5580000)
  object space 246784K, 60% used [0x0000000080000000,0x0000000089235360,0x000000008f100000)
 Metaspace       used 78335K, committed 80064K, reserved 1179648K
  class space    used 8034K, committed 8768K, reserved 1048576K
}
Event: 158499.039 GC heap after
{Heap after GC invocations=666 (full 4):
 PSYoungGen      total 2560K, used 128K [0x00000000d5580000, 0x00000000d5980000, 0x0000000100000000)
  eden space 2048K, 0% used [0x00000000d5580000,0x00000000d5580000,0x00000000d5780000)
  from space 512K, 25% used [0x00000000d5900000,0x00000000d5920000,0x00000000d5980000)
  to   space 512K, 0% used [0x00000000d5880000,0x00000000d5880000,0x00000000d5900000)
 ParOldGen       total 246784K, used 149748K [0x0000000080000000, 0x000000008f100000, 0x00000000d5580000)
  object space 246784K, 60% used [0x0000000080000000,0x000000008923d360,0x000000008f100000)
 Metaspace       used 78335K, committed 80064K, reserved 1179648K
  class space    used 8034K, committed 8768K, reserved 1048576K
}
Event: 158500.129 GC heap before
{Heap before GC invocations=667 (full 4):
 PSYoungGen      total 2560K, used 2176K [0x00000000d5580000, 0x00000000d5980000, 0x0000000100000000)
  eden space 2048K, 100% used [0x00000000d5580000,0x00000000d5780000,0x00000000d5780000)
  from space 512K, 25% used [0x00000000d5900000,0x00000000d5920000,0x00000000d5980000)
  to   space 512K, 0% used [0x00000000d5880000,0x00000000d5880000,0x00000000d5900000)
 ParOldGen       total 246784K, used 149748K [0x0000000080000000, 0x000000008f100000, 0x00000000d5580000)
  object space 246784K, 60% used [0x0000000080000000,0x000000008923d360,0x000000008f100000)
 Metaspace       used 78336K, committed 80064K, reserved 1179648K
  class space    used 8034K, committed 8768K, reserved 1048576K
}
Event: 158500.139 GC heap after
{Heap after GC invocations=667 (full 4):
 PSYoungGen      total 2560K, used 259K [0x00000000d5580000, 0x00000000d5980000, 0x0000000100000000)
  eden space 2048K, 0% used [0x00000000d5580000,0x00000000d5580000,0x00000000d5780000)
  from space 512K, 50% used [0x00000000d5880000,0x00000000d58c0ce0,0x00000000d5900000)
  to   space 512K, 0% used [0x00000000d5900000,0x00000000d5900000,0x00000000d5980000)
 ParOldGen       total 246784K, used 149772K [0x0000000080000000, 0x000000008f100000, 0x00000000d5580000)
  object space 246784K, 60% used [0x0000000080000000,0x0000000089243360,0x000000008f100000)
 Metaspace       used 78336K, committed 80064K, reserved 1179648K
  class space    used 8034K, committed 8768K, reserved 1048576K
}
Event: 158509.641 GC heap before
{Heap before GC invocations=668 (full 4):
 PSYoungGen      total 2560K, used 2307K [0x00000000d5580000, 0x00000000d5980000, 0x0000000100000000)
  eden space 2048K, 100% used [0x00000000d5580000,0x00000000d5780000,0x00000000d5780000)
  from space 512K, 50% used [0x00000000d5880000,0x00000000d58c0ce0,0x00000000d5900000)
  to   space 512K, 0% used [0x00000000d5900000,0x00000000d5900000,0x00000000d5980000)
 ParOldGen       total 246784K, used 149772K [0x0000000080000000, 0x000000008f100000, 0x00000000d5580000)
  object space 246784K, 60% used [0x0000000080000000,0x0000000089243360,0x000000008f100000)
 Metaspace       used 78337K, committed 80064K, reserved 1179648K
  class space    used 8034K, committed 8768K, reserved 1048576K
}
Event: 158509.647 GC heap after
{Heap after GC invocations=668 (full 4):
 PSYoungGen      total 2560K, used 96K [0x00000000d5580000, 0x00000000d5980000, 0x0000000100000000)
  eden space 2048K, 0% used [0x00000000d5580000,0x00000000d5580000,0x00000000d5780000)
  from space 512K, 18% used [0x00000000d5900000,0x00000000d5918000,0x00000000d5980000)
  to   space 512K, 0% used [0x00000000d5880000,0x00000000d5880000,0x00000000d5900000)
 ParOldGen       total 246784K, used 149868K [0x0000000080000000, 0x000000008f100000, 0x00000000d5580000)
  object space 246784K, 60% used [0x0000000080000000,0x000000008925b380,0x000000008f100000)
 Metaspace       used 78337K, committed 80064K, reserved 1179648K
  class space    used 8034K, committed 8768K, reserved 1048576K
}
Event: 158509.859 GC heap before
{Heap before GC invocations=669 (full 4):
 PSYoungGen      total 2560K, used 2144K [0x00000000d5580000, 0x00000000d5980000, 0x0000000100000000)
  eden space 2048K, 100% used [0x00000000d5580000,0x00000000d5780000,0x00000000d5780000)
  from space 512K, 18% used [0x00000000d5900000,0x00000000d5918000,0x00000000d5980000)
  to   space 512K, 0% used [0x00000000d5880000,0x00000000d5880000,0x00000000d5900000)
 ParOldGen       total 246784K, used 149868K [0x0000000080000000, 0x000000008f100000, 0x00000000d5580000)
  object space 246784K, 60% used [0x0000000080000000,0x000000008925b380,0x000000008f100000)
 Metaspace       used 78337K, committed 80064K, reserved 1179648K
  class space    used 8034K, committed 8768K, reserved 1048576K
}
Event: 158509.861 GC heap after
{Heap after GC invocations=669 (full 4):
 PSYoungGen      total 2560K, used 128K [0x00000000d5580000, 0x00000000d5980000, 0x0000000100000000)
  eden space 2048K, 0% used [0x00000000d5580000,0x00000000d5580000,0x00000000d5780000)
  from space 512K, 25% used [0x00000000d5880000,0x00000000d58a0000,0x00000000d5900000)
  to   space 512K, 0% used [0x00000000d5900000,0x00000000d5900000,0x00000000d5980000)
 ParOldGen       total 246784K, used 149876K [0x0000000080000000, 0x000000008f100000, 0x00000000d5580000)
  object space 246784K, 60% used [0x0000000080000000,0x000000008925d380,0x000000008f100000)
 Metaspace       used 78337K, committed 80064K, reserved 1179648K
  class space    used 8034K, committed 8768K, reserved 1048576K
}

